# JRE version: Java(TM) SE Runtime Environment (8.0_181-b13) (build 1.8.0_181-b13)
# Java VM: Java HotSpot(TM) 64-Bit Server VM (25.181-b13 mixed mode windows-amd64 compressed oops)
Heap:
 PSYoungGen      total 182272K, used 126100K [0x00000000d5e00000, 0x00000000e2480000, 0x0000000100000000)
  eden space 174080K, 67% used [0x00000000d5e00000,0x00000000dd134d38,0x00000000e0800000)
  from space 8192K, 99% used [0x00000000e0800000,0x00000000e0ff0540,0x00000000e1000000)
  to   space 7680K, 0% used [0x00000000e1000000,0x00000000e1000000,0x00000000e1780000)
 ParOldGen       total 81920K, used 21952K [0x0000000081a00000, 0x0000000086a00000, 0x00000000d5e00000)
  object space 81920K, 26% used [0x0000000081a00000,0x0000000082f70370,0x0000000086a00000)
 Metaspace       used 41286K, capacity 41758K, committed 42112K, reserved 1085440K
  class space    used 5073K, capacity 5180K, committed 5248K, reserved 1048576K
GC Heap History (10 events):
Event: 8.716 GC heap before
{Heap before GC invocations=11 (full 1):
 PSYoungGen      total 135680K, used 133701K [0x00000000d5e00000, 0x00000000e1780000, 0x0000000100000000)
  eden space 128000K, 100% used [0x00000000d5e00000,0x00000000ddb00000,0x00000000ddb00000)
  from space 7680K, 74% used [0x00000000ddb00000,0x00000000de0914f0,0x00000000de280000)
  to   space 7680K, 0% used [0x00000000e1000000,0x00000000e1000000,0x00000000e1780000)
 ParOldGen       total 48128K, used 6375K [0x0000000081a00000, 0x0000000084900000, 0x00000000d5e00000)
  object space 48128K, 13% used [0x0000000081a00000,0x0000000082039dc0,0x0000000084900000)
 Metaspace       used 29186K, capacity 29614K, committed 29952K, reserved 1075200K
  class space    used 3659K, capacity 3780K, committed 3840K, reserved 1048576K
Event: 8.728 GC heap after
Heap after GC invocations=11 (full 1):
 PSYoungGen      total 181760K, used 7500K [0x00000000d5e00000, 0x00000000e2480000, 0x0000000100000000)
  eden space 174080K, 0% used [0x00000000d5e00000,0x00000000d5e00000,0x00000000e0800000)
  from space 7680K, 97% used [0x00000000e1000000,0x00000000e17530b0,0x00000000e1780000)
  to   space 8192K, 0% used [0x00000000e0800000,0x00000000e0800000,0x00000000e1000000)
 ParOldGen       total 48128K, used 7611K [0x0000000081a00000, 0x0000000084900000, 0x00000000d5e00000)
  object space 48128K, 15% used [0x0000000081a00000,0x000000008216ee00,0x0000000084900000)
 Metaspace       used 29186K, capacity 29614K, committed 29952K, reserved 1075200K
  class space    used 3659K, capacity 3780K, committed 3840K, reserved 1048576K
}
Event: 10.360 GC heap before
{Heap before GC invocations=12 (full 1):
 PSYoungGen      total 181760K, used 181580K [0x00000000d5e00000, 0x00000000e2480000, 0x0000000100000000)
  eden space 174080K, 100% used [0x00000000d5e00000,0x00000000e0800000,0x00000000e0800000)
  from space 7680K, 97% used [0x00000000e1000000,0x00000000e17530b0,0x00000000e1780000)
  to   space 8192K, 0% used [0x00000000e0800000,0x00000000e0800000,0x00000000e1000000)
 ParOldGen       total 48128K, used 7611K [0x0000000081a00000, 0x0000000084900000, 0x00000000d5e00000)
  object space 48128K, 15% used [0x0000000081a00000,0x000000008216ee00,0x0000000084900000)
 Metaspace       used 33898K, capacity 34288K, committed 34432K, reserved 1079296K
  class space    used 4080K, capacity 4175K, committed 4224K, reserved 1048576K
Event: 10.377 GC heap after
Heap after GC invocations=12 (full 1):
 PSYoungGen      total 182272K, used 8182K [0x00000000d5e00000, 0x00000000e2480000, 0x0000000100000000)
  eden space 174080K, 0% used [0x00000000d5e00000,0x00000000d5e00000,0x00000000e0800000)
  from space 8192K, 99% used [0x00000000e0800000,0x00000000e0ffd8b0,0x00000000e1000000)
  to   space 7680K, 0% used [0x00000000e1000000,0x00000000e1000000,0x00000000e1780000)
 ParOldGen       total 48128K, used 16247K [0x0000000081a00000, 0x0000000084900000, 0x00000000d5e00000)
  object space 48128K, 33% used [0x0000000081a00000,0x00000000829ddcc8,0x0000000084900000)
 Metaspace       used 33898K, capacity 34288K, committed 34432K, reserved 1079296K
  class space    used 4080K, capacity 4175K, committed 4224K, reserved 1048576K
}
Event: 10.580 GC heap before
{Heap before GC invocations=13 (full 1):
 PSYoungGen      total 182272K, used 29052K [0x00000000d5e00000, 0x00000000e2480000, 0x0000000100000000)
  eden space 174080K, 11% used [0x00000000d5e00000,0x00000000d7261b48,0x00000000e0800000)
  from space 8192K, 99% used [0x00000000e0800000,0x00000000e0ffd8b0,0x00000000e1000000)
  to   space 7680K, 0% used [0x00000000e1000000,0x00000000e1000000,0x00000000e1780000)
 ParOldGen       total 48128K, used 16247K [0x0000000081a00000, 0x0000000084900000, 0x00000000d5e00000)
  object space 48128K, 33% used [0x0000000081a00000,0x00000000829ddcc8,0x0000000084900000)
 Metaspace       used 34966K, capacity 35344K, committed 35496K, reserved 1081344K
  class space    used 4206K, capacity 4335K, committed 4352K, reserved 1048576K
Event: 10.601 GC heap after
Heap after GC invocations=13 (full 1):
 PSYoungGen      total 181760K, used 1015K [0x00000000d5e00000, 0x00000000e2480000, 0x0000000100000000)
  eden space 174080K, 0% used [0x00000000d5e00000,0x00000000d5e00000,0x00000000e0800000)
  from space 7680K, 13% used [0x00000000e1000000,0x00000000e10fdd60,0x00000000e1780000)
  to   space 8192K, 0% used [0x00000000e0800000,0x00000000e0800000,0x00000000e1000000)
 ParOldGen       total 48128K, used 24440K [0x0000000081a00000, 0x0000000084900000, 0x00000000d5e00000)
  object space 48128K, 50% used [0x0000000081a00000,0x00000000831de350,0x0000000084900000)
 Metaspace       used 34966K, capacity 35344K, committed 35496K, reserved 1081344K
  class space    used 4206K, capacity 4335K, committed 4352K, reserved 1048576K
}
Event: 10.601 GC heap before
{Heap before GC invocations=14 (full 2):
 PSYoungGen      total 181760K, used 1015K [0x00000000d5e00000, 0x00000000e2480000, 0x0000000100000000)
  eden space 174080K, 0% used [0x00000000d5e00000,0x00000000d5e00000,0x00000000e0800000)
  from space 7680K, 13% used [0x00000000e1000000,0x00000000e10fdd60,0x00000000e1780000)
  to   space 8192K, 0% used [0x00000000e0800000,0x00000000e0800000,0x00000000e1000000)
 ParOldGen       total 48128K, used 24440K [0x0000000081a00000, 0x0000000084900000, 0x00000000d5e00000)
  object space 48128K, 50% used [0x0000000081a00000,0x00000000831de350,0x0000000084900000)
 Metaspace       used 34966K, capacity 35344K, committed 35496K, reserved 1081344K
  class space    used 4206K, capacity 4335K, committed 4352K, reserved 1048576K
Event: 10.764 GC heap after
Heap after GC invocations=14 (full 2):
 PSYoungGen      total 181760K, used 0K [0x00000000d5e00000, 0x00000000e2480000, 0x0000000100000000)
  eden space 174080K, 0% used [0x00000000d5e00000,0x00000000d5e00000,0x00000000e0800000)
  from space 7680K, 0% used [0x00000000e1000000,0x00000000e1000000,0x00000000e1780000)
  to   space 8192K, 0% used [0x00000000e0800000,0x00000000e0800000,0x00000000e1000000)
 ParOldGen       total 81920K, used 21944K [0x0000000081a00000, 0x0000000086a00000, 0x00000000d5e00000)
  object space 81920K, 26% used [0x0000000081a00000,0x0000000082f6e370,0x0000000086a00000)
 Metaspace       used 34966K, capacity 35344K, committed 35496K, reserved 1081344K
  class space    used 4206K, capacity 4335K, committed 4352K, reserved 1048576K
}
Event: 13.861 GC heap before
{Heap before GC invocations=15 (full 2):
 PSYoungGen      total 181760K, used 174080K [0x00000000d5e00000, 0x00000000e2480000, 0x0000000100000000)
  eden space 174080K, 100% used [0x00000000d5e00000,0x00000000e0800000,0x00000000e0800000)
  from space 7680K, 0% used [0x00000000e1000000,0x00000000e1000000,0x00000000e1780000)
  to   space 8192K, 0% used [0x00000000e0800000,0x00000000e0800000,0x00000000e1000000)
 ParOldGen       total 81920K, used 21944K [0x0000000081a00000, 0x0000000086a00000, 0x00000000d5e00000)
  object space 81920K, 26% used [0x0000000081a00000,0x0000000082f6e370,0x0000000086a00000)
 Metaspace       used 39594K, capacity 40000K, committed 40320K, reserved 1085440K
  class space    used 4831K, capacity 4919K, committed 4992K, reserved 1048576K
Event: 13.872 GC heap after
Heap after GC invocations=15 (full 2):
 PSYoungGen      total 182272K, used 8129K [0x00000000d5e00000, 0x00000000e2480000, 0x0000000100000000)
  eden space 174080K, 0% used [0x00000000d5e00000,0x00000000d5e00000,0x00000000e0800000)
  from space 8192K, 99% used [0x00000000e0800000,0x00000000e0ff0540,0x00000000e1000000)
  to   space 7680K, 0% used [0x00000000e1000000,0x00000000e1000000,0x00000000e1780000)
 ParOldGen       total 81920K, used 21952K [0x0000000081a00000, 0x0000000086a00000, 0x00000000d5e00000)
  object space 81920K, 26% used [0x0000000081a00000,0x0000000082f70370,0x0000000086a00000)
 Metaspace       used 39594K, capacity 40000K, committed 40320K, reserved 1085440K
  class space    used 4831K, capacity 4919K, committed 4992K, reserved 1048576K
}

